Arguments: 
  C:\Program Files\nodejs\node.exe C:\Users\user\AppData\Roaming\npm\node_modules\yarn\bin\yarn.js add @fortawesome/react-fontawesome @fortawesome/free-brands-svg-icons

PATH: 
  C:\WINDOWS\system32;C:\WINDOWS;C:\WINDOWS\System32\Wbem;C:\WINDOWS\System32\WindowsPowerShell\v1.0\;C:\WINDOWS\System32\OpenSSH\;C:\Program Files\Git\cmd;C:\Program Files\nodejs\;C:\ProgramData\chocolatey\bin;C:\Users\user\AppData\Local\Programs\Python\Python311\Scripts\;C:\Users\user\AppData\Local\Programs\Python\Python311\;C:\Users\user\AppData\Local\Microsoft\WindowsApps;C:\ProgramData\user\atom\bin;C:\Users\user\AppData\Local\atom\bin;C:\Users\user\AppData\Local\Programs\Microsoft VS Code\bin;C:\ProgramData\user\GitHubDesktop\bin;C:\Users\user\AppData\Local\GitHubDesktop\bin;C:\Users\user\AppData\Roaming\npm

Yarn version: 
  1.22.19

Node version: 
  18.13.0

Platform: 
  win32 x64

Trace: 
  Error: EPERM: operation not permitted, unlink 'C:\Users\user\Desktop\3DPortfolio\node_modules\@esbuild\win32-x64\esbuild.exe'

npm manifest: 
  {
    "name": "3dportfolio",
    "private": true,
    "version": "0.0.0",
    "type": "module",
    "scripts": {
      "dev": "vite",
      "build": "vite build",
      "lint": "eslint . --ext js,jsx --report-unused-disable-directives --max-warnings 0",
      "preview": "vite preview"
    },
    "dependencies": {
      "@emailjs/browser": "^3.11.0",
      "@react-three/drei": "^9.88.11",
      "@react-three/fiber": "^8.15.10",
      "framer-motion": "^10.16.4",
      "maath": "^0.10.4",
      "react": "^18.2.0",
      "react-dom": "^18.2.0",
      "react-router-dom": "^6.18.0",
      "react-tilt": "^1.0.2",
      "react-vertical-timeline-component": "^3.6.0",
      "tailwind-scrollbar": "^3.0.5",
      "three": "^0.158.0"
    },
    "devDependencies": {
      "@react-three/drei": "previous_version_number",
      "@types/react": "^18.2.15",
      "@types/react-dom": "^18.2.7",
      "@vitejs/plugin-react": "^4.0.3",
      "autoprefixer": "^10.4.16",
      "eslint": "^8.45.0",
      "eslint-plugin-react": "^7.32.2",
      "eslint-plugin-react-hooks": "^4.6.0",
      "eslint-plugin-react-refresh": "^0.4.3",
      "postcss": "^8.4.31",
      "tailwindcss": "^3.3.5",
      "vite": "^4.4.5"
    }
  }

yarn manifest: 
  No manifest

Lockfile: 
  No lockfile
